<?xml version="1.0" encoding="UTF-8"?>
<!-- Generated by org.testng.reporters.JUnitReportReporter -->
<testsuite skipped="0" hostname="MAY39" name="com.qa.test.LoginTest" tests="3" failures="0" timestamp="2020-09-01T16:22:44 GMT+07:00" time="9.268" errors="0">
  <testcase name="invaildUser" time="2.472" classname="com.qa.test.LoginTest"/>
  <system-out/>
  <testcase name="invaildPassword" time="3.517" classname="com.qa.test.LoginTest"/>
  <system-out/>
  <testcase name="successLogin" time="3.279" classname="com.qa.test.LoginTest"/>
  <system-out/>
</testsuite> <!-- com.qa.test.LoginTest -->
